<?xml version="1.0" encoding="utf-8"?>
<cms.contentitem>
  <ContentItemChannelID>
    <CodeName>devnet</CodeName>
    <GUID>4f636110-fd4a-4905-83e6-998752c2b2c2</GUID>
    <ObjectType>cms.channel</ObjectType>
  </ContentItemChannelID>
  <ContentItemContentTypeID>
    <CodeName>KenticoCommunity.QAndAQuestionPage</CodeName>
    <GUID>c014abca-c95e-4f1e-8bea-9821bee891fc</GUID>
    <ObjectType>cms.contenttype</ObjectType>
  </ContentItemContentTypeID>
  <ContentItemGUID>f9e4aaf1-9426-4c59-a443-7aabf50923ab</ContentItemGUID>
  <ContentItemIsReusable>False</ContentItemIsReusable>
  <ContentItemIsSecured>False</ContentItemIsSecured>
  <ContentItemName>test-44693e48-localtest</ContentItemName>
</cms.contentitem>