<?xml version="1.0" encoding="utf-8"?>
<cms.contentitem>
  <ContentItemChannelID>
    <CodeName>devnet</CodeName>
    <GUID>4f636110-fd4a-4905-83e6-998752c2b2c2</GUID>
    <ObjectType>cms.channel</ObjectType>
  </ContentItemChannelID>
  <ContentItemContentTypeID>
    <CodeName>KenticoCommunity.QAndAQuestionPage</CodeName>
    <GUID>c014abca-c95e-4f1e-8bea-9821bee891fc</GUID>
    <ObjectType>cms.contenttype</ObjectType>
  </ContentItemContentTypeID>
  <ContentItemGUID>dbd719f6-dbee-48af-b927-c68a558c828f</ContentItemGUID>
  <ContentItemIsReusable>False</ContentItemIsReusable>
  <ContentItemIsSecured>False</ContentItemIsSecured>
  <ContentItemName>Test-july-question-1cbe0926-mfabxr4e-localtest</ContentItemName>
</cms.contentitem>