<?xml version="1.0" encoding="utf-8"?>
<cms.contentitem>
  <ContentItemChannelID>
    <CodeName>devnet</CodeName>
    <GUID>4f636110-fd4a-4905-83e6-998752c2b2c2</GUID>
    <ObjectType>cms.channel</ObjectType>
  </ContentItemChannelID>
  <ContentItemContentTypeID>
    <CodeName>KenticoCommunity.QAndAQuestionPage</CodeName>
    <GUID>c014abca-c95e-4f1e-8bea-9821bee891fc</GUID>
    <ObjectType>cms.contenttype</ObjectType>
  </ContentItemContentTypeID>
  <ContentItemGUID>7d42056f-582f-4ca3-aabb-7fc49746cbc6</ContentItemGUID>
  <ContentItemIsReusable>False</ContentItemIsReusable>
  <ContentItemIsSecured>False</ContentItemIsSecured>
  <ContentItemName>Test-question-25-83ce47f8-64v0algc-localtest</ContentItemName>
</cms.contentitem>