<?xml version="1.0" encoding="utf-8"?>
<cms.contentitem>
  <ContentItemChannelID>
    <CodeName>devnet</CodeName>
    <GUID>4f636110-fd4a-4905-83e6-998752c2b2c2</GUID>
    <ObjectType>cms.channel</ObjectType>
  </ContentItemChannelID>
  <ContentItemContentTypeID>
    <CodeName>KenticoCommunity.QAndAQuestionPage</CodeName>
    <GUID>c014abca-c95e-4f1e-8bea-9821bee891fc</GUID>
    <ObjectType>cms.contenttype</ObjectType>
  </ContentItemContentTypeID>
  <ContentItemGUID>e8218070-ae7d-49d0-8871-77b97ce525b9</ContentItemGUID>
  <ContentItemIsReusable>False</ContentItemIsReusable>
  <ContentItemIsSecured>False</ContentItemIsSecured>
  <ContentItemName>Test-july-question-2-33cd525c-7bb0c1t2-localtest</ContentItemName>
</cms.contentitem>