<?xml version="1.0" encoding="utf-8"?>
<cms.user>
  <Email>test-search-user@kentico.com</Email>
  <UserAdministrationAccess>True</UserAdministrationAccess>
  <UserAuthenticatorSharedKeyResetRequested>False</UserAuthenticatorSharedKeyResetRequested>
  <UserEnabled>True</UserEnabled>
  <UserGUID>5804932d-b2f5-497d-afa6-5990d9c87ed5</UserGUID>
  <UserIsExternal>False</UserIsExternal>
  <UserIsPendingRegistration>False</UserIsPendingRegistration>
  <UserName>test-search-user@kentico.com</UserName>
  <UserPassword>
    <![CDATA[AQAAAAIAAYagAAAAEAUXkDsvfeVYJ1bXX+8dHoIqSa4tIffP0ix28vdubUpB8Wo/03vuqg6ukKnjvCnN5w==]]>
  </UserPassword>
  <UserPasswordLastChanged>2025-03-15 15:59:48Z</UserPasswordLastChanged>
  <UserSecurityStamp>LBAKPA74ROARUTVJSPS6E2QWNJDIIK4Q</UserSecurityStamp>
</cms.user>