<?xml version="1.0" encoding="utf-8"?>
<cms.user>
  <Email>test-search-user@kentico.com</Email>
  <UserAdministrationAccess>True</UserAdministrationAccess>
  <UserEnabled>True</UserEnabled>
  <UserGUID>5804932d-b2f5-497d-afa6-5990d9c87ed5</UserGUID>
  <UserIsExternal>False</UserIsExternal>
  <UserIsPendingRegistration>False</UserIsPendingRegistration>
  <UserName>test-search-user@kentico.com</UserName>
  <UserPassword>
    <![CDATA[AQAAAAEAACcQAAAAEGGY25qCxoLt29EsTfjlGIWn/XtUedt3ypDrE6Cgtdzc00aWNDVyq1xGnXEDTsRk2A==]]>
  </UserPassword>
  <UserPasswordLastChanged>2024-01-12 19:34:22Z</UserPasswordLastChanged>
  <UserSecurityStamp>eedbc26d-263c-499c-af24-e97aaea06e90</UserSecurityStamp>
</cms.user>