<?xml version="1.0" encoding="utf-8"?>
<kenticocommunity.qandaanswerdata>
  <QAndAAnswerDataAuthorMemberID>
    <GUID>d08bccb0-4667-4fc5-bae2-2d64c1a4b5fa</GUID>
    <ObjectType>cms.member</ObjectType>
  </QAndAAnswerDataAuthorMemberID>
  <QAndAAnswerDataCodeName>Test-answer-e7960ca4</QAndAAnswerDataCodeName>
  <QAndAAnswerDataContent>Test answer!</QAndAAnswerDataContent>
  <QAndAAnswerDataDateCreated>2024-02-08 05:16:52Z</QAndAAnswerDataDateCreated>
  <QAndAAnswerDataGUID>09ac8fa4-4b68-4f15-b28a-dbaeb0538962</QAndAAnswerDataGUID>
  <QAndAAnswerDataQuestionWebPageItemID>
    <CodeName>Assembly-errors-running-on-Azure9b179958-localtest</CodeName>
    <GUID>d3b9309f-e978-49ad-a2c3-2488e6defcde</GUID>
    <ObjectType>cms.webpageitem</ObjectType>
  </QAndAAnswerDataQuestionWebPageItemID>
</kenticocommunity.qandaanswerdata>