<?xml version="1.0" encoding="utf-8"?>
<kenticocommunity.qandaanswerdata>
  <QAndAAnswerDataAuthorMemberID>
    <GUID>b63e360d-4b76-4418-a8a7-affd51730462</GUID>
    <ObjectType>cms.member</ObjectType>
  </QAndAAnswerDataAuthorMemberID>
  <QAndAAnswerDataCodeName>Test-1-2-3-4e593968e</QAndAAnswerDataCodeName>
  <QAndAAnswerDataContent>
<![CDATA[
Test

* 1
* 2
* 3
* 4
]]>
  </QAndAAnswerDataContent>
  <QAndAAnswerDataDateCreated>2025-03-14 19:57:09Z</QAndAAnswerDataDateCreated>
  <QAndAAnswerDataGUID>7af3e1c0-6e37-4640-8609-19a8414790e8</QAndAAnswerDataGUID>
  <QAndAAnswerDataQuestionWebPageItemID>
    <CodeName>Blog-Discussion-What-s-the-best-modern-JavaScript-jQuery-replacement--cd9c5065-r55dso44</CodeName>
    <GUID>901d9975-b11a-4053-8d2d-b350637ba03e</GUID>
    <ObjectType>cms.webpageitem</ObjectType>
  </QAndAAnswerDataQuestionWebPageItemID>
  <QAndAAnswerDataWebsiteChannelID>
    <GUID>9ca57e0f-969f-43be-91d3-6c45659316bd</GUID>
    <ObjectType>cms.websitechannel</ObjectType>
    <Parent>
      <CodeName>devnet</CodeName>
      <GUID>4f636110-fd4a-4905-83e6-998752c2b2c2</GUID>
      <ObjectType>cms.channel</ObjectType>
    </Parent>
  </QAndAAnswerDataWebsiteChannelID>
</kenticocommunity.qandaanswerdata>