<?xml version="1.0" encoding="utf-8"?>
<kenticocommunity.qandaanswerdata>
  <QAndAAnswerDataAuthorMemberID>
    <GUID>d08bccb0-4667-4fc5-bae2-2d64c1a4b5fa</GUID>
    <ObjectType>cms.member</ObjectType>
  </QAndAAnswerDataAuthorMemberID>
  <QAndAAnswerDataCodeName>test-answer-asdc-x20-csharp-public-class-T36d5faff</QAndAAnswerDataCodeName>
  <QAndAAnswerDataContent>
<![CDATA[
test answer

asdc   &#x20;

```csharp
public class Test
{
  public string Name { get; set ;}
}
```
]]>
  </QAndAAnswerDataContent>
  <QAndAAnswerDataDateCreated>2024-10-25 23:27:30Z</QAndAAnswerDataDateCreated>
  <QAndAAnswerDataGUID>4e4b4512-1ab6-4447-8587-40d8c05ffdbb</QAndAAnswerDataGUID>
  <QAndAAnswerDataQuestionWebPageItemID>
    <CodeName>Test-question-25-83ce47f8-64v0algc-localtest</CodeName>
    <GUID>488e5d15-a8d8-411b-ae44-3ed51db8a616</GUID>
    <ObjectType>cms.webpageitem</ObjectType>
  </QAndAAnswerDataQuestionWebPageItemID>
  <QAndAAnswerDataWebsiteChannelID>
    <GUID>9ca57e0f-969f-43be-91d3-6c45659316bd</GUID>
    <ObjectType>cms.websitechannel</ObjectType>
    <Parent>
      <CodeName>devnet</CodeName>
      <GUID>4f636110-fd4a-4905-83e6-998752c2b2c2</GUID>
      <ObjectType>cms.channel</ObjectType>
    </Parent>
  </QAndAAnswerDataWebsiteChannelID>
</kenticocommunity.qandaanswerdata>