<?xml version="1.0" encoding="utf-8"?>
<kenticocommunity.qandaanswerdata>
  <QAndAAnswerDataAuthorMemberID>
    <GUID>14783edb-9405-4b6e-85b2-b716755e615b</GUID>
    <ObjectType>cms.member</ObjectType>
  </QAndAAnswerDataAuthorMemberID>
  <QAndAAnswerDataCodeName>test-first-answer8ca9db07</QAndAAnswerDataCodeName>
  <QAndAAnswerDataContent>test first answer</QAndAAnswerDataContent>
  <QAndAAnswerDataDateCreated>2024-07-31 19:12:10Z</QAndAAnswerDataDateCreated>
  <QAndAAnswerDataGUID>47086907-fa6c-4b20-afde-fe7456387d5b</QAndAAnswerDataGUID>
  <QAndAAnswerDataQuestionWebPageItemID>
    <CodeName>Blog-Discussion-Test-blog-post-with-linked-discussion-03f104a1-i298zodb-localtest</CodeName>
    <GUID>dd7389fa-31a2-41f6-88c3-150b53e320e2</GUID>
    <ObjectType>cms.webpageitem</ObjectType>
  </QAndAAnswerDataQuestionWebPageItemID>
  <QAndAAnswerDataWebsiteChannelID>
    <GUID>9ca57e0f-969f-43be-91d3-6c45659316bd</GUID>
    <ObjectType>cms.websitechannel</ObjectType>
    <Parent>
      <CodeName>devnet</CodeName>
      <GUID>4f636110-fd4a-4905-83e6-998752c2b2c2</GUID>
      <ObjectType>cms.channel</ObjectType>
    </Parent>
  </QAndAAnswerDataWebsiteChannelID>
</kenticocommunity.qandaanswerdata>