<?xml version="1.0" encoding="utf-8"?>
<kenticocommunity.qandaanswerdata>
  <QAndAAnswerDataAuthorMemberID>
    <GUID>d08bccb0-4667-4fc5-bae2-2d64c1a4b5fa</GUID>
    <ObjectType>cms.member</ObjectType>
  </QAndAAnswerDataAuthorMemberID>
  <QAndAAnswerDataCodeName>Test-questiond4582b8e</QAndAAnswerDataCodeName>
  <QAndAAnswerDataContent>Test question</QAndAAnswerDataContent>
  <QAndAAnswerDataDateCreated>2024-01-31 23:49:48Z</QAndAAnswerDataDateCreated>
  <QAndAAnswerDataGUID>48e0f5c6-be66-41f3-af9b-07b3cb468726</QAndAAnswerDataGUID>
  <QAndAAnswerDataQuestionWebPageItemID>
    <CodeName>Blog-Discussion-Product-Insights-Xperienc-1c3b7d5c-localtest</CodeName>
    <GUID>5b7473fe-b979-4ead-aaa0-53e0793ee540</GUID>
    <ObjectType>cms.webpageitem</ObjectType>
  </QAndAAnswerDataQuestionWebPageItemID>
  <QAndAAnswerDataWebsiteChannelID>
    <GUID>9ca57e0f-969f-43be-91d3-6c45659316bd</GUID>
    <ObjectType>cms.websitechannel</ObjectType>
    <Parent>
      <CodeName>devnet</CodeName>
      <GUID>4f636110-fd4a-4905-83e6-998752c2b2c2</GUID>
      <ObjectType>cms.channel</ObjectType>
    </Parent>
  </QAndAAnswerDataWebsiteChannelID>
</kenticocommunity.qandaanswerdata>