<?xml version="1.0" encoding="utf-8"?>
<kenticocommunity.qandaanswerdata>
  <QAndAAnswerDataAuthorMemberID>
    <GUID>b63e360d-4b76-4418-a8a7-affd51730462</GUID>
    <ObjectType>cms.member</ObjectType>
  </QAndAAnswerDataAuthorMemberID>
  <QAndAAnswerDataCodeName>Test-Testb7f62301</QAndAAnswerDataCodeName>
  <QAndAAnswerDataContent>
<![CDATA[
Test

### Test
]]>
  </QAndAAnswerDataContent>
  <QAndAAnswerDataDateCreated>2025-07-31 22:48:49Z</QAndAAnswerDataDateCreated>
  <QAndAAnswerDataGUID>4ed6b09c-3069-4608-b13b-504cc893732d</QAndAAnswerDataGUID>
  <QAndAAnswerDataQuestionWebPageItemID>
    <CodeName>Test-with-tags-ce2faf6a-8p3fwpqx-localtest</CodeName>
    <GUID>a23da2a3-3d92-47f8-84ab-c5785530a9bb</GUID>
    <ObjectType>cms.webpageitem</ObjectType>
  </QAndAAnswerDataQuestionWebPageItemID>
  <QAndAAnswerDataWebsiteChannelID>
    <GUID>9ca57e0f-969f-43be-91d3-6c45659316bd</GUID>
    <ObjectType>cms.websitechannel</ObjectType>
    <Parent>
      <CodeName>devnet</CodeName>
      <GUID>4f636110-fd4a-4905-83e6-998752c2b2c2</GUID>
      <ObjectType>cms.channel</ObjectType>
    </Parent>
  </QAndAAnswerDataWebsiteChannelID>
</kenticocommunity.qandaanswerdata>