<?xml version="1.0" encoding="utf-8"?>
<cms.tag>
  <TagGUID>a4a50c6e-bba9-4cc3-a2a8-a00c87422488</TagGUID>
  <TagMetadata>
    <![CDATA[{"Translations":{}}]]>
  </TagMetadata>
  <TagName>Test-automation</TagName>
  <TagOrder>7</TagOrder>
  <TagParentID>
    <CodeName>Technical</CodeName>
    <GUID>54a6a93a-d53b-449d-ad49-7b07c77e5518</GUID>
    <ObjectType>cms.tag</ObjectType>
  </TagParentID>
  <TagTaxonomyID>
    <CodeName>DXTopic</CodeName>
    <GUID>72f39193-9dee-45df-9138-730ed4445858</GUID>
    <ObjectType>cms.taxonomy</ObjectType>
  </TagTaxonomyID>
  <TagTitle>Test automation</TagTitle>
</cms.tag>